[2018-03-31 16:52:56] (ERROR @ D:\OSPanel\domains\localhost\core\xpdo\om\xpdoobject.class.php : 1452) Error 23000 executing statement:
INSERT INTO `modx_session` (`id`, `access`, `data`) VALUES ('t7ukbeqb95lq6i46s5ms3s9a10', 1522504376, 'modx.user.contextTokens|a:1:{s:3:\"mgr\";i:1;}modx.mgr.user.token|s:52:\"modx5a6a682a004441.14252555_15a6a68c978abd0.99664885\";modx.mgr.session.cookie.lifetime|i:0;modx.mgr.user.config|a:0:{}modx.user.1.userGroups|a:1:{i:0;i:1;}newResourceTokens|a:2:{i:0;s:23:\"5a6a6a99cf09a4.43563125\";i:1;s:23:\"5a6a6ee19ab579.91819637\";}')
Array
(
    [0] => 23000
    [1] => 1062
    [2] => Duplicate entry 't7ukbeqb95lq6i46s5ms3s9a10' for key 'PRIMARY'
)

[2018-03-31 17:24:47] (ERROR @ D:\OSPanel\domains\localhost\core\model\modx\modcachemanager.class.php : 344) Error caching lexicon topic lexicon/ru/core/default
[2018-03-31 17:29:56] (ERROR @ D:\OSPanel\domains\localhost\core\model\modx\modcachemanager.class.php : 344) Error caching lexicon topic lexicon/en/core/default
[2018-03-31 17:34:35] (ERROR @ D:\OSPanel\domains\localhost\core\model\modx\modcachemanager.class.php : 394) Error caching action map mgr/actions
[2018-04-01 01:18:57] (ERROR in xPDOConnection::connect @ D:\OSPanel\domains\localhost\core\xpdo\xpdo.class.php : 3116) SQLSTATE[HY000] [2002] No connection could be made because the target machine actively refused it.

[2018-04-01 01:18:57] (ERROR @ D:\OSPanel\domains\localhost\core\xpdo\om\xpdoquery.class.php : 653) Could not construct or prepare query because it is invalid or could not connect: SELECT `modExtensionPackage`.`id`, `modExtensionPackage`.`namespace`, `modExtensionPackage`.`name`, `modExtensionPackage`.`path`, `modExtensionPackage`.`table_prefix`, `modExtensionPackage`.`service_class`, `modExtensionPackage`.`service_name`, `modExtensionPackage`.`created_at`, `modExtensionPackage`.`updated_at`, Namespace.path AS namespace_path FROM `modx_extension_packages` AS `modExtensionPackage` JOIN `modx_namespaces` `Namespace` ON `modExtensionPackage`.`namespace` =  `Namespace`.`name` ORDER BY namespace ASC 
[2018-04-01 01:18:58] (ERROR in xPDOConnection::connect @ D:\OSPanel\domains\localhost\core\xpdo\xpdo.class.php : 3116) SQLSTATE[HY000] [2002] No connection could be made because the target machine actively refused it.

[2018-04-01 01:18:58] (ERROR @ D:\OSPanel\domains\localhost\core\xpdo\om\xpdoquery.class.php : 653) Could not construct or prepare query because it is invalid or could not connect: SELECT `modExtensionPackage`.`id`, `modExtensionPackage`.`namespace`, `modExtensionPackage`.`name`, `modExtensionPackage`.`path`, `modExtensionPackage`.`table_prefix`, `modExtensionPackage`.`service_class`, `modExtensionPackage`.`service_name`, `modExtensionPackage`.`created_at`, `modExtensionPackage`.`updated_at`, Namespace.path AS namespace_path FROM `modx_extension_packages` AS `modExtensionPackage` JOIN `modx_namespaces` `Namespace` ON `modExtensionPackage`.`namespace` =  `Namespace`.`name` ORDER BY namespace ASC 
[2018-04-01 01:18:59] (ERROR in xPDOConnection::connect @ D:\OSPanel\domains\localhost\core\xpdo\xpdo.class.php : 3116) SQLSTATE[HY000] [2002] No connection could be made because the target machine actively refused it.

[2018-04-01 01:18:59] (ERROR @ D:\OSPanel\domains\localhost\core\xpdo\om\xpdoquery.class.php : 653) Could not construct or prepare query because it is invalid or could not connect: SELECT `modSession`.`id` AS `modSession_id`, `modSession`.`access` AS `modSession_access`, `modSession`.`data` AS `modSession_data` FROM `modx_session` AS `modSession` WHERE `modSession`.`id` = ? 
[2018-04-01 01:19:00] (ERROR in xPDOConnection::connect @ D:\OSPanel\domains\localhost\core\xpdo\xpdo.class.php : 3116) SQLSTATE[HY000] [2002] No connection could be made because the target machine actively refused it.

[2018-04-01 01:19:00] (ERROR @ D:\OSPanel\domains\localhost\core\xpdo\om\xpdoquery.class.php : 653) Could not construct or prepare query because it is invalid or could not connect: SELECT `modSession`.`id` AS `modSession_id`, `modSession`.`access` AS `modSession_access`, `modSession`.`data` AS `modSession_data` FROM `modx_session` AS `modSession` WHERE `modSession`.`id` = ? 
[2018-04-01 01:19:01] (ERROR in xPDOConnection::connect @ D:\OSPanel\domains\localhost\core\xpdo\xpdo.class.php : 3116) SQLSTATE[HY000] [2002] No connection could be made because the target machine actively refused it.

[2018-04-01 01:19:01] (ERROR @ D:\OSPanel\domains\localhost\core\xpdo\om\xpdoobject.class.php : 263) Error preparing statement for query: SELECT `modSession`.`id` AS `modSession_id`, `modSession`.`access` AS `modSession_access`, `modSession`.`data` AS `modSession_data` FROM `modx_session` AS `modSession` WHERE `modSession`.`id` = ?  - 
[2018-04-01 01:19:02] (ERROR in xPDOConnection::connect @ D:\OSPanel\domains\localhost\core\xpdo\xpdo.class.php : 3116) SQLSTATE[HY000] [2002] No connection could be made because the target machine actively refused it.

[2018-04-01 01:19:02] (ERROR @ D:\OSPanel\domains\localhost\core\xpdo\om\xpdoobject.class.php : 263) Error preparing statement for query: SELECT `modSession`.`id` AS `modSession_id`, `modSession`.`access` AS `modSession_access`, `modSession`.`data` AS `modSession_data` FROM `modx_session` AS `modSession` WHERE `modSession`.`id` = ?  - 
[2018-04-01 13:53:56] (ERROR @ D:\OSPanel\domains\localhost\core\model\modx\modcachemanager.class.php : 344) Error caching lexicon topic lexicon/ru/core/resource
[2018-04-01 13:55:58] (ERROR @ D:\OSPanel\domains\localhost\core\model\modx\modcachemanager.class.php : 344) Error caching lexicon topic lexicon/ru/core/default
[2018-04-01 14:01:10] (ERROR @ D:\OSPanel\domains\localhost\core\model\modx\modcachemanager.class.php : 344) Error caching lexicon topic lexicon/en/core/default
[2018-04-01 14:18:27] (ERROR @ D:\OSPanel\domains\localhost\core\model\modx\modcachemanager.class.php : 344) Error caching lexicon topic lexicon/en/core/default
[2018-04-01 14:46:39] (ERROR @ D:\OSPanel\domains\localhost\core\model\modx\modparser.class.php : 538) Could not find snippet with name Wayfinder.
[2018-04-01 14:46:39] (ERROR @ D:\OSPanel\domains\localhost\core\model\modx\modparser.class.php : 538) Could not find snippet with name Wayfinder.
[2018-04-01 14:46:39] (ERROR @ D:\OSPanel\domains\localhost\core\model\modx\modparser.class.php : 538) Could not find snippet with name Wayfinder.
[2018-04-01 14:49:50] (ERROR @ D:\OSPanel\domains\localhost\core\model\modx\modcachemanager.class.php : 344) Error caching lexicon topic lexicon/ru/core/default
[2018-04-01 14:54:13] (ERROR @ D:\OSPanel\domains\localhost\core\model\modx\modcachemanager.class.php : 344) Error caching lexicon topic lexicon/ru/core/default
[2018-04-01 14:54:25] (ERROR @ D:\OSPanel\domains\localhost\core\model\modx\modcachemanager.class.php : 344) Error caching lexicon topic lexicon/en/migx/default
[2018-04-01 14:59:55] (ERROR @ D:\OSPanel\domains\localhost\core\model\modx\modcachemanager.class.php : 344) Error caching lexicon topic lexicon/en/core/default
[2018-04-01 15:27:40] (ERROR @ D:\OSPanel\domains\localhost\core\model\modx\modcachemanager.class.php : 344) Error caching lexicon topic lexicon/ru/core/default
[2018-04-01 15:35:27] (ERROR @ D:\OSPanel\domains\localhost\core\model\modx\modcachemanager.class.php : 344) Error caching lexicon topic lexicon/en/core/default
[2018-04-01 15:39:46] (ERROR @ D:\OSPanel\domains\localhost\core\model\modx\modcachemanager.class.php : 509) Error caching script elements/modplugin/5
[2018-04-01 16:48:28] (ERROR @ D:\OSPanel\domains\localhost\core\model\modx\modcachemanager.class.php : 344) Error caching lexicon topic lexicon/ru/core/default
[2018-04-01 17:41:51] (ERROR @ D:\OSPanel\domains\localhost\core\model\modx\modcachemanager.class.php : 344) Error caching lexicon topic lexicon/ru/core/default
[2018-04-01 23:07:13] (ERROR @ D:\OSPanel\domains\localhost\core\model\modx\modcachemanager.class.php : 344) Error caching lexicon topic lexicon/ru/core/resource
[2018-04-01 23:21:35] (ERROR @ D:\OSPanel\domains\localhost\core\model\modx\modcachemanager.class.php : 344) Error caching lexicon topic lexicon/en/core/source
[2018-04-01 23:25:47] (ERROR @ D:\OSPanel\domains\localhost\core\model\modx\modcachemanager.class.php : 344) Error caching lexicon topic lexicon/en/core/default
[2018-04-01 23:26:06] (ERROR @ D:\OSPanel\domains\localhost\core\model\modx\modcachemanager.class.php : 344) Error caching lexicon topic lexicon/ru/core/default
[2018-04-01 23:27:37] (ERROR @ D:\OSPanel\domains\localhost\core\model\modx\modcachemanager.class.php : 344) Error caching lexicon topic lexicon/en/core/default
[2018-04-01 23:27:51] (ERROR @ D:\OSPanel\domains\localhost\core\model\modx\modcachemanager.class.php : 344) Error caching lexicon topic lexicon/en/core/default
[2018-04-01 23:28:07] (ERROR @ D:\OSPanel\domains\localhost\core\model\modx\modcachemanager.class.php : 344) Error caching lexicon topic lexicon/en/core/default
[2018-04-01 23:28:55] (ERROR @ D:\OSPanel\domains\localhost\core\model\modx\modcachemanager.class.php : 344) Error caching lexicon topic lexicon/ru/core/default
[2018-04-01 23:29:45] (ERROR @ D:\OSPanel\domains\localhost\core\model\modx\modcachemanager.class.php : 344) Error caching lexicon topic lexicon/ru/core/default
[2018-04-01 23:37:13] (ERROR @ D:\OSPanel\domains\localhost\core\model\modx\modcachemanager.class.php : 344) Error caching lexicon topic lexicon/ru/core/default
[2018-04-01 23:40:57] (ERROR in xPDOConnection::connect @ D:\OSPanel\domains\localhost\core\xpdo\xpdo.class.php : 3116) SQLSTATE[HY000] [2002] No connection could be made because the target machine actively refused it.

[2018-04-01 23:40:57] (ERROR @ D:\OSPanel\domains\localhost\core\xpdo\om\xpdoquery.class.php : 653) Could not construct or prepare query because it is invalid or could not connect: SELECT `modExtensionPackage`.`id`, `modExtensionPackage`.`namespace`, `modExtensionPackage`.`name`, `modExtensionPackage`.`path`, `modExtensionPackage`.`table_prefix`, `modExtensionPackage`.`service_class`, `modExtensionPackage`.`service_name`, `modExtensionPackage`.`created_at`, `modExtensionPackage`.`updated_at`, Namespace.path AS namespace_path FROM `modx_extension_packages` AS `modExtensionPackage` JOIN `modx_namespaces` `Namespace` ON `modExtensionPackage`.`namespace` =  `Namespace`.`name` ORDER BY namespace ASC 
[2018-04-01 23:48:25] (ERROR @ D:\OSPanel\domains\localhost\core\model\modx\modcachemanager.class.php : 344) Error caching lexicon topic lexicon/ru/core/default
[2018-04-01 23:48:55] (ERROR @ D:\OSPanel\domains\localhost\core\model\modx\modcachemanager.class.php : 344) Error caching lexicon topic lexicon/en/core/default
[2018-04-01 23:50:13] (ERROR @ D:\OSPanel\domains\localhost\core\model\modx\modcachemanager.class.php : 344) Error caching lexicon topic lexicon/en/core/default
[2018-04-01 23:54:15] (ERROR @ D:\OSPanel\domains\localhost\core\model\modx\modcachemanager.class.php : 509) Error caching script elements/modplugin/5
[2018-04-01 23:56:29] (ERROR @ D:\OSPanel\domains\localhost\core\model\modx\modcachemanager.class.php : 344) Error caching lexicon topic lexicon/ru/core/default
[2018-04-02 00:02:02] (ERROR @ D:\OSPanel\domains\localhost\core\model\modx\modcachemanager.class.php : 344) Error caching lexicon topic lexicon/ru/core/default
[2018-04-02 00:02:45] (ERROR @ D:\OSPanel\domains\localhost\core\xpdo\om\xpdoobject.class.php : 344) Instantiated a derived class modSymLink that is not a subclass of the requested class modDocument
[2018-04-02 00:46:05] (ERROR @ D:\OSPanel\domains\localhost\core\model\modx\modcachemanager.class.php : 344) Error caching lexicon topic lexicon/ru/core/default
[2018-04-02 00:48:58] (ERROR @ D:\OSPanel\domains\localhost\core\model\modx\modcachemanager.class.php : 344) Error caching lexicon topic lexicon/ru/core/default
[2018-04-02 00:52:18] (ERROR @ D:\OSPanel\domains\localhost\core\model\modx\modcachemanager.class.php : 344) Error caching lexicon topic lexicon/ru/core/default
[2018-04-02 01:15:22] (ERROR @ D:\OSPanel\domains\localhost\core\model\modx\modcachemanager.class.php : 394) Error caching action map mgr/actions
[2018-04-02 01:16:05] (ERROR @ D:\OSPanel\domains\localhost\core\model\modx\modcachemanager.class.php : 344) Error caching lexicon topic lexicon/en/core/default
[2018-04-02 01:18:50] (ERROR @ D:\OSPanel\domains\localhost\core\model\modx\modcachemanager.class.php : 344) Error caching lexicon topic lexicon/ru/core/default
[2018-04-02 01:20:33] (ERROR @ D:\OSPanel\domains\localhost\core\model\modx\modcachemanager.class.php : 344) Error caching lexicon topic lexicon/en/core/default
[2018-04-02 01:21:22] (ERROR @ D:\OSPanel\domains\localhost\core\model\modx\modcachemanager.class.php : 344) Error caching lexicon topic lexicon/en/core/default
[2018-04-02 01:21:22] (ERROR @ D:\OSPanel\domains\localhost\core\model\modx\modcachemanager.class.php : 394) Error caching action map mgr/actions
[2018-04-02 01:25:49] (ERROR @ D:\OSPanel\domains\localhost\core\model\modx\modcachemanager.class.php : 344) Error caching lexicon topic lexicon/en/core/default
[2018-04-02 01:29:53] (ERROR @ D:\OSPanel\domains\localhost\core\model\modx\modcachemanager.class.php : 344) Error caching lexicon topic lexicon/en/core/default
[2018-04-02 01:31:45] (ERROR @ D:\OSPanel\domains\localhost\core\model\modx\modcachemanager.class.php : 344) Error caching lexicon topic lexicon/ru/core/default
[2018-04-02 01:31:45] (ERROR @ D:\OSPanel\domains\localhost\core\model\modx\modcachemanager.class.php : 344) Error caching lexicon topic lexicon/ru/core/element
[2018-04-02 01:43:24] (ERROR @ D:\OSPanel\domains\localhost\core\model\modx\modcachemanager.class.php : 509) Error caching script elements/modplugin/5
[2018-04-03 00:07:04] (ERROR @ D:\OSPanel\domains\localhost\core\model\modx\modcachemanager.class.php : 344) Error caching lexicon topic lexicon/ru/core/default
[2018-04-03 00:31:12] (ERROR @ D:\OSPanel\domains\localhost\core\model\modx\modcachemanager.class.php : 344) Error caching lexicon topic lexicon/en/core/default
[2018-04-03 00:31:12] (ERROR @ D:\OSPanel\domains\localhost\core\model\modx\modcachemanager.class.php : 394) Error caching action map mgr/actions
[2018-04-03 00:31:46] (ERROR @ D:\OSPanel\domains\localhost\core\model\modx\modcachemanager.class.php : 344) Error caching lexicon topic lexicon/ru/core/default
[2018-04-03 00:43:59] (ERROR @ D:\OSPanel\domains\localhost\core\model\modx\modcachemanager.class.php : 344) Error caching lexicon topic lexicon/ru/core/default
[2018-04-03 00:44:09] (ERROR @ D:\OSPanel\domains\localhost\core\model\modx\modcachemanager.class.php : 394) Error caching action map mgr/actions
[2018-04-03 00:44:58] (ERROR @ D:\OSPanel\domains\localhost\core\model\modx\modcachemanager.class.php : 344) Error caching lexicon topic lexicon/ru/core/default
[2018-04-03 00:45:08] (ERROR @ D:\OSPanel\domains\localhost\core\model\modx\modcachemanager.class.php : 344) Error caching lexicon topic lexicon/en/core/default
[2018-04-03 01:02:54] (ERROR @ D:\OSPanel\domains\localhost\core\model\modx\modcachemanager.class.php : 344) Error caching lexicon topic lexicon/ru/core/default
[2018-04-03 01:07:10] (ERROR @ D:\OSPanel\domains\localhost\core\model\modx\modcachemanager.class.php : 344) Error caching lexicon topic lexicon/en/core/default
[2018-04-03 01:11:50] (ERROR @ D:\OSPanel\domains\localhost\core\model\modx\modcachemanager.class.php : 344) Error caching lexicon topic lexicon/ru/core/default
[2018-04-03 01:23:25] (ERROR @ D:\OSPanel\domains\localhost\core\model\modx\modparser.class.php : 538) Could not find snippet with name 1.
[2018-04-03 01:23:26] (ERROR @ D:\OSPanel\domains\localhost\core\model\modx\modparser.class.php : 538) Could not find snippet with name 1.
[2018-04-03 01:23:26] (ERROR @ D:\OSPanel\domains\localhost\core\model\modx\modparser.class.php : 538) Could not find snippet with name 1.
[2018-04-03 01:23:41] (ERROR @ D:\OSPanel\domains\localhost\core\model\modx\modparser.class.php : 538) Could not find snippet with name 10.
[2018-04-03 01:23:41] (ERROR @ D:\OSPanel\domains\localhost\core\model\modx\modparser.class.php : 538) Could not find snippet with name 10.
[2018-04-03 01:23:41] (ERROR @ D:\OSPanel\domains\localhost\core\model\modx\modparser.class.php : 538) Could not find snippet with name 10.
[2018-04-03 01:23:43] (ERROR @ D:\OSPanel\domains\localhost\core\model\modx\modparser.class.php : 538) Could not find snippet with name 10.
[2018-04-03 01:29:14] (ERROR @ D:\OSPanel\domains\localhost\core\model\modx\modcachemanager.class.php : 509) Error caching script elements/modplugin/5
[2018-04-03 01:35:58] (ERROR @ D:\OSPanel\domains\localhost\core\model\modx\modcachemanager.class.php : 344) Error caching lexicon topic lexicon/ru/core/default
[2018-04-03 01:39:19] (ERROR @ D:\OSPanel\domains\localhost\core\model\modx\modcachemanager.class.php : 344) Error caching lexicon topic lexicon/ru/core/default
[2018-04-03 01:41:26] (ERROR @ D:\OSPanel\domains\localhost\core\model\modx\modcachemanager.class.php : 344) Error caching lexicon topic lexicon/en/core/default
[2018-04-03 01:42:26] (ERROR @ D:\OSPanel\domains\localhost\core\model\modx\modcachemanager.class.php : 509) Error caching script elements/modplugin/5
[2018-04-03 01:44:55] (ERROR @ D:\OSPanel\domains\localhost\core\model\modx\modcachemanager.class.php : 344) Error caching lexicon topic lexicon/ru/core/default
[2018-04-03 01:46:00] (ERROR @ D:\OSPanel\domains\localhost\core\model\modx\modcachemanager.class.php : 344) Error caching lexicon topic lexicon/en/core/default
[2018-04-03 01:46:14] (ERROR @ D:\OSPanel\domains\localhost\core\model\modx\modcachemanager.class.php : 344) Error caching lexicon topic lexicon/ru/core/resource
[2018-04-03 01:46:34] (ERROR @ D:\OSPanel\domains\localhost\core\model\modx\modcachemanager.class.php : 344) Error caching lexicon topic lexicon/ru/core/default
[2018-04-03 01:47:03] (ERROR @ D:\OSPanel\domains\localhost\core\model\modx\modcachemanager.class.php : 394) Error caching action map mgr/actions
[2018-04-03 01:47:13] (ERROR @ D:\OSPanel\domains\localhost\core\model\modx\modx.class.php : 990) `Expert_name` is not a valid integer and may not be passed to makeUrl()
[2018-04-03 01:47:14] (ERROR in resource 10 @ D:\OSPanel\domains\localhost\core\model\modx\modparser.class.php : 1370) Bad link tag `[[~Expert_name]]` encountered
[2018-04-03 01:47:14] (ERROR @ D:\OSPanel\domains\localhost\core\model\modx\modx.class.php : 990) `Expert_name` is not a valid integer and may not be passed to makeUrl()
[2018-04-03 01:47:14] (ERROR in resource 10 @ D:\OSPanel\domains\localhost\core\model\modx\modparser.class.php : 1370) Bad link tag `[[~Expert_name]]` encountered
[2018-04-03 01:47:16] (ERROR @ D:\OSPanel\domains\localhost\core\model\modx\modx.class.php : 990) `Expert_name` is not a valid integer and may not be passed to makeUrl()
[2018-04-03 01:47:16] (ERROR in resource 10 @ D:\OSPanel\domains\localhost\core\model\modx\modparser.class.php : 1370) Bad link tag `[[~Expert_name]]` encountered
[2018-04-03 01:47:16] (ERROR @ D:\OSPanel\domains\localhost\core\model\modx\modx.class.php : 990) `Expert_name` is not a valid integer and may not be passed to makeUrl()
[2018-04-03 01:47:16] (ERROR in resource 10 @ D:\OSPanel\domains\localhost\core\model\modx\modparser.class.php : 1370) Bad link tag `[[~Expert_name]]` encountered
[2018-04-03 01:47:17] (ERROR @ D:\OSPanel\domains\localhost\core\model\modx\modx.class.php : 990) `Expert_name` is not a valid integer and may not be passed to makeUrl()
[2018-04-03 01:47:17] (ERROR in resource 10 @ D:\OSPanel\domains\localhost\core\model\modx\modparser.class.php : 1370) Bad link tag `[[~Expert_name]]` encountered
[2018-04-03 01:47:17] (ERROR @ D:\OSPanel\domains\localhost\core\model\modx\modx.class.php : 990) `Expert_name` is not a valid integer and may not be passed to makeUrl()
[2018-04-03 01:47:17] (ERROR in resource 10 @ D:\OSPanel\domains\localhost\core\model\modx\modparser.class.php : 1370) Bad link tag `[[~Expert_name]]` encountered
[2018-04-03 01:47:36] (ERROR @ D:\OSPanel\domains\localhost\core\model\modx\modx.class.php : 990) `Expert_name` is not a valid integer and may not be passed to makeUrl()
[2018-04-03 01:47:36] (ERROR in resource 10 @ D:\OSPanel\domains\localhost\core\model\modx\modparser.class.php : 1370) Bad link tag `[[~Expert_name]]` encountered
[2018-04-03 01:47:36] (ERROR @ D:\OSPanel\domains\localhost\core\model\modx\modx.class.php : 990) `Expert_name` is not a valid integer and may not be passed to makeUrl()
[2018-04-03 01:47:36] (ERROR in resource 10 @ D:\OSPanel\domains\localhost\core\model\modx\modparser.class.php : 1370) Bad link tag `[[~Expert_name]]` encountered
[2018-04-03 01:47:38] (ERROR @ D:\OSPanel\domains\localhost\core\model\modx\modx.class.php : 990) `Expert_name` is not a valid integer and may not be passed to makeUrl()
[2018-04-03 01:47:38] (ERROR in resource 10 @ D:\OSPanel\domains\localhost\core\model\modx\modparser.class.php : 1370) Bad link tag `[[~Expert_name]]` encountered
[2018-04-03 01:47:38] (ERROR @ D:\OSPanel\domains\localhost\core\model\modx\modx.class.php : 990) `Expert_name` is not a valid integer and may not be passed to makeUrl()
[2018-04-03 01:47:38] (ERROR in resource 10 @ D:\OSPanel\domains\localhost\core\model\modx\modparser.class.php : 1370) Bad link tag `[[~Expert_name]]` encountered
[2018-04-03 01:52:24] (ERROR @ D:\OSPanel\domains\localhost\core\model\modx\modx.class.php : 990) `Expert_name` is not a valid integer and may not be passed to makeUrl()
[2018-04-03 01:52:24] (ERROR in resource 10 @ D:\OSPanel\domains\localhost\core\model\modx\modparser.class.php : 1370) Bad link tag `[[~Expert_name]]` encountered
[2018-04-03 01:52:24] (ERROR @ D:\OSPanel\domains\localhost\core\model\modx\modx.class.php : 990) `Expert_name` is not a valid integer and may not be passed to makeUrl()
[2018-04-03 01:52:24] (ERROR in resource 10 @ D:\OSPanel\domains\localhost\core\model\modx\modparser.class.php : 1370) Bad link tag `[[~Expert_name]]` encountered
[2018-04-03 01:52:27] (ERROR @ D:\OSPanel\domains\localhost\core\model\modx\modx.class.php : 990) `Expert_name` is not a valid integer and may not be passed to makeUrl()
[2018-04-03 01:52:27] (ERROR in resource 10 @ D:\OSPanel\domains\localhost\core\model\modx\modparser.class.php : 1370) Bad link tag `[[~Expert_name]]` encountered
[2018-04-03 01:52:27] (ERROR @ D:\OSPanel\domains\localhost\core\model\modx\modx.class.php : 990) `Expert_name` is not a valid integer and may not be passed to makeUrl()
[2018-04-03 01:52:27] (ERROR in resource 10 @ D:\OSPanel\domains\localhost\core\model\modx\modparser.class.php : 1370) Bad link tag `[[~Expert_name]]` encountered
[2018-04-03 01:53:55] (ERROR @ D:\OSPanel\domains\localhost\core\model\modx\modcachemanager.class.php : 344) Error caching lexicon topic lexicon/ru/core/default
[2018-04-03 01:56:40] (ERROR @ D:\OSPanel\domains\localhost\core\model\modx\modcachemanager.class.php : 344) Error caching lexicon topic lexicon/en/core/default
[2018-04-04 11:41:57] (ERROR @ D:\OSPanel\domains\localhost\core\model\modx\modcachemanager.class.php : 344) Error caching lexicon topic lexicon/en/core/default
[2018-04-04 13:04:29] (ERROR @ D:\OSPanel\domains\localhost\core\model\modx\modcachemanager.class.php : 344) Error caching lexicon topic lexicon/ru/core/default
[2018-04-04 13:06:35] (ERROR @ D:\OSPanel\domains\localhost\core\model\modx\modcachemanager.class.php : 344) Error caching lexicon topic lexicon/ru/core/default
[2018-04-04 13:06:41] (ERROR @ D:\OSPanel\domains\localhost\core\model\modx\modcachemanager.class.php : 344) Error caching lexicon topic lexicon/ru/core/resource
[2018-04-04 13:22:11] (ERROR @ D:\OSPanel\domains\localhost\core\model\modx\modcachemanager.class.php : 344) Error caching lexicon topic lexicon/ru/core/default
[2018-04-04 13:25:24] (ERROR @ D:\OSPanel\domains\localhost\core\model\modx\modcachemanager.class.php : 344) Error caching lexicon topic lexicon/en/core/default
[2018-04-04 13:31:03] (ERROR @ D:\OSPanel\domains\localhost\core\model\modx\modx.class.php : 990) `[[+id]]` is not a valid integer and may not be passed to makeUrl()
[2018-04-04 13:31:03] (ERROR in resource 1 @ D:\OSPanel\domains\localhost\core\model\modx\modparser.class.php : 1370) Bad link tag `[[~[[+id]]]]` encountered
[2018-04-04 13:44:05] (ERROR @ D:\OSPanel\domains\localhost\core\model\modx\modcachemanager.class.php : 344) Error caching lexicon topic lexicon/en/core/default
[2018-04-04 13:48:20] (ERROR @ D:\OSPanel\domains\localhost\core\model\modx\modparser.class.php : 538) Could not find snippet with name 33.
[2018-04-04 13:48:20] (ERROR @ D:\OSPanel\domains\localhost\core\model\modx\modparser.class.php : 538) Could not find snippet with name 33.
[2018-04-04 13:54:13] (ERROR @ D:\OSPanel\domains\localhost\core\model\modx\modcachemanager.class.php : 344) Error caching lexicon topic lexicon/ru/core/default
[2018-04-04 14:06:01] (ERROR @ D:\OSPanel\domains\localhost\core\model\modx\modcachemanager.class.php : 317) Could not cache resource 1
[2018-04-04 14:06:01] (ERROR @ D:\OSPanel\domains\localhost\core\model\modx\modcachemanager.class.php : 317) Could not cache resource 1
[2018-04-04 14:06:24] (ERROR @ D:\OSPanel\domains\localhost\core\model\modx\modcachemanager.class.php : 317) Could not cache resource 1
[2018-04-04 14:06:24] (ERROR @ D:\OSPanel\domains\localhost\core\model\modx\modcachemanager.class.php : 317) Could not cache resource 1
[2018-04-04 14:06:24] (ERROR @ D:\OSPanel\domains\localhost\core\model\modx\modcachemanager.class.php : 317) Could not cache resource 1
[2018-04-04 14:28:55] (ERROR @ D:\OSPanel\domains\localhost\core\model\modx\modcachemanager.class.php : 344) Error caching lexicon topic lexicon/ru/core/default
[2018-04-04 14:29:39] (ERROR @ D:\OSPanel\domains\localhost\core\model\modx\modcachemanager.class.php : 344) Error caching lexicon topic lexicon/ru/core/default
[2018-04-04 15:14:47] (ERROR @ D:\OSPanel\domains\localhost\core\model\modx\modcachemanager.class.php : 344) Error caching lexicon topic lexicon/en/core/default
[2018-04-04 15:22:00] (ERROR @ D:\OSPanel\domains\localhost\core\model\modx\modcachemanager.class.php : 394) Error caching action map mgr/actions
[2018-04-04 15:41:16] (ERROR @ D:\OSPanel\domains\localhost\core\model\modx\modx.class.php : 990) `[[+id]]` is not a valid integer and may not be passed to makeUrl()
[2018-04-04 15:41:16] (ERROR in resource 1 @ D:\OSPanel\domains\localhost\core\model\modx\modparser.class.php : 1370) Bad link tag `[[~[[+id]]]]` encountered
[2018-04-04 15:42:27] (ERROR @ D:\OSPanel\domains\localhost\core\model\modx\modcachemanager.class.php : 344) Error caching lexicon topic lexicon/ru/core/default
[2018-04-04 16:03:01] (ERROR @ D:\OSPanel\domains\localhost\core\model\modx\modcachemanager.class.php : 509) Error caching script elements/modplugin/5
[2018-04-04 16:03:01] (ERROR @ D:\OSPanel\domains\localhost\core\model\modx\modcachemanager.class.php : 344) Error caching lexicon topic lexicon/ru/core/default
[2018-04-04 16:05:11] (ERROR @ D:\OSPanel\domains\localhost\core\model\modx\modcachemanager.class.php : 344) Error caching lexicon topic lexicon/ru/core/default
[2018-04-04 16:06:11] (ERROR @ D:\OSPanel\domains\localhost\core\model\modx\modcachemanager.class.php : 344) Error caching lexicon topic lexicon/ru/core/default
[2018-04-04 16:06:17] (ERROR @ D:\OSPanel\domains\localhost\core\model\modx\modcachemanager.class.php : 344) Error caching lexicon topic lexicon/ru/core/default
[2018-04-04 16:06:52] (ERROR @ D:\OSPanel\domains\localhost\core\model\modx\modcachemanager.class.php : 344) Error caching lexicon topic lexicon/ru/core/resource
[2018-04-04 16:08:56] (ERROR @ D:\OSPanel\domains\localhost\core\model\modx\modcachemanager.class.php : 344) Error caching lexicon topic lexicon/ru/core/default
[2018-04-04 16:09:18] (ERROR @ D:\OSPanel\domains\localhost\core\model\modx\modcachemanager.class.php : 344) Error caching lexicon topic lexicon/en/core/default
[2018-04-04 16:10:48] (ERROR @ D:\OSPanel\domains\localhost\core\model\modx\modcachemanager.class.php : 509) Error caching script elements/modplugin/5
[2018-04-04 16:11:15] (ERROR @ D:\OSPanel\domains\localhost\core\model\modx\modcachemanager.class.php : 344) Error caching lexicon topic lexicon/ru/core/resource
[2018-04-04 16:14:07] (ERROR @ D:\OSPanel\domains\localhost\core\model\modx\modcachemanager.class.php : 394) Error caching action map mgr/actions
[2018-04-04 16:14:46] (ERROR @ D:\OSPanel\domains\localhost\core\model\modx\modcachemanager.class.php : 344) Error caching lexicon topic lexicon/en/core/default
[2018-04-04 16:15:47] (ERROR @ D:\OSPanel\domains\localhost\core\model\phpthumb\modphpthumb.class.php : 121) phpThumb was unable to generate a thumbnail for: D:\OSPanel\domains\localhost\core\cache\phpthumb\localhost__srcf356dcd8426dfc3f8f0e705e384d6141_par0ba78bb0326502335f8683fdf331013a_dat1521417170.jpeg
[2018-04-04 16:15:47] (ERROR @ D:\OSPanel\domains\localhost\core\model\phpthumb\modphpthumb.class.php : 133) Error outputting thumbnail:
OutputThumbnail() failed because !is_resource($this->gdimg_output) in file "phpthumb.class.php" on line 618
[2018-04-04 16:16:20] (ERROR @ D:\OSPanel\domains\localhost\core\model\phpthumb\modphpthumb.class.php : 121) phpThumb was unable to generate a thumbnail for: D:\OSPanel\domains\localhost\core\cache\phpthumb\localhost__srcf85bf5b9c33b860da191e6d4a4bb1b99_par0ba78bb0326502335f8683fdf331013a_dat1521585847.jpeg
[2018-04-04 16:16:20] (ERROR @ D:\OSPanel\domains\localhost\core\model\phpthumb\modphpthumb.class.php : 133) Error outputting thumbnail:
OutputThumbnail() failed because !is_resource($this->gdimg_output) in file "phpthumb.class.php" on line 618
[2018-04-04 16:16:42] (ERROR @ D:\OSPanel\domains\localhost\core\model\phpthumb\modphpthumb.class.php : 121) phpThumb was unable to generate a thumbnail for: D:\OSPanel\domains\localhost\core\cache\phpthumb\localhost__srcf356dcd8426dfc3f8f0e705e384d6141_par0ba78bb0326502335f8683fdf331013a_dat1521417170.jpeg
[2018-04-04 16:16:42] (ERROR @ D:\OSPanel\domains\localhost\core\model\phpthumb\modphpthumb.class.php : 133) Error outputting thumbnail:
OutputThumbnail() failed because !is_resource($this->gdimg_output) in file "phpthumb.class.php" on line 618
[2018-04-04 16:16:52] (ERROR @ D:\OSPanel\domains\localhost\core\model\phpthumb\modphpthumb.class.php : 121) phpThumb was unable to generate a thumbnail for: D:\OSPanel\domains\localhost\core\cache\phpthumb\localhost__srcf356dcd8426dfc3f8f0e705e384d6141_par0ba78bb0326502335f8683fdf331013a_dat1521417170.jpeg
[2018-04-04 16:16:52] (ERROR @ D:\OSPanel\domains\localhost\core\model\phpthumb\modphpthumb.class.php : 133) Error outputting thumbnail:
OutputThumbnail() failed because !is_resource($this->gdimg_output) in file "phpthumb.class.php" on line 618
[2018-04-04 16:17:12] (ERROR @ D:\OSPanel\domains\localhost\core\model\phpthumb\modphpthumb.class.php : 121) phpThumb was unable to generate a thumbnail for: D:\OSPanel\domains\localhost\core\cache\phpthumb\localhost__srcf356dcd8426dfc3f8f0e705e384d6141_par0ba78bb0326502335f8683fdf331013a_dat1521417170.jpeg
[2018-04-04 16:17:12] (ERROR @ D:\OSPanel\domains\localhost\core\model\phpthumb\modphpthumb.class.php : 133) Error outputting thumbnail:
OutputThumbnail() failed because !is_resource($this->gdimg_output) in file "phpthumb.class.php" on line 618
[2018-04-04 16:17:30] (ERROR @ D:\OSPanel\domains\localhost\core\model\phpthumb\modphpthumb.class.php : 121) phpThumb was unable to generate a thumbnail for: D:\OSPanel\domains\localhost\core\cache\phpthumb\localhost__src0c3510a500af6286de45e3767ca106fb_par0ba78bb0326502335f8683fdf331013a_dat1521585847.jpeg
[2018-04-04 16:17:30] (ERROR @ D:\OSPanel\domains\localhost\core\model\phpthumb\modphpthumb.class.php : 133) Error outputting thumbnail:
OutputThumbnail() failed because !is_resource($this->gdimg_output) in file "phpthumb.class.php" on line 618
[2018-04-04 16:17:57] (ERROR @ D:\OSPanel\domains\localhost\core\model\modx\modcachemanager.class.php : 344) Error caching lexicon topic lexicon/en/core/default
[2018-04-04 16:18:05] (ERROR @ D:\OSPanel\domains\localhost\core\model\modx\modcachemanager.class.php : 344) Error caching lexicon topic lexicon/en/core/default
[2018-04-04 16:18:05] (ERROR @ D:\OSPanel\domains\localhost\core\model\modx\modcachemanager.class.php : 344) Error caching lexicon topic lexicon/ru/core/element
[2018-04-04 16:18:13] (ERROR @ D:\OSPanel\domains\localhost\core\model\modx\modcachemanager.class.php : 344) Error caching lexicon topic lexicon/en/core/default
[2018-04-04 16:18:22] (ERROR @ D:\OSPanel\domains\localhost\core\model\modx\modcachemanager.class.php : 344) Error caching lexicon topic lexicon/ru/core/default
[2018-04-04 16:18:57] (ERROR @ D:\OSPanel\domains\localhost\core\model\phpthumb\modphpthumb.class.php : 121) phpThumb was unable to generate a thumbnail for: D:\OSPanel\domains\localhost\core\cache\phpthumb\localhost__src94b22b148330afd10c8ca036e31e739c_par0ba78bb0326502335f8683fdf331013a_dat1521585847.jpeg
[2018-04-04 16:18:57] (ERROR @ D:\OSPanel\domains\localhost\core\model\phpthumb\modphpthumb.class.php : 133) Error outputting thumbnail:
OutputThumbnail() failed because !is_resource($this->gdimg_output) in file "phpthumb.class.php" on line 618
[2018-04-04 16:20:39] (ERROR @ D:\OSPanel\domains\localhost\core\model\phpthumb\modphpthumb.class.php : 121) phpThumb was unable to generate a thumbnail for: D:\OSPanel\domains\localhost\core\cache\phpthumb\localhost__src0c3510a500af6286de45e3767ca106fb_par0ba78bb0326502335f8683fdf331013a_dat1521585847.jpeg
[2018-04-04 16:20:39] (ERROR @ D:\OSPanel\domains\localhost\core\model\phpthumb\modphpthumb.class.php : 133) Error outputting thumbnail:
OutputThumbnail() failed because !is_resource($this->gdimg_output) in file "phpthumb.class.php" on line 618
[2018-04-04 16:20:48] (ERROR @ D:\OSPanel\domains\localhost\core\model\phpthumb\modphpthumb.class.php : 121) phpThumb was unable to generate a thumbnail for: D:\OSPanel\domains\localhost\core\cache\phpthumb\localhost__srcf85bf5b9c33b860da191e6d4a4bb1b99_par0ba78bb0326502335f8683fdf331013a_dat1521585847.jpeg
[2018-04-04 16:20:48] (ERROR @ D:\OSPanel\domains\localhost\core\model\phpthumb\modphpthumb.class.php : 133) Error outputting thumbnail:
OutputThumbnail() failed because !is_resource($this->gdimg_output) in file "phpthumb.class.php" on line 618
[2018-04-04 16:20:57] (ERROR @ D:\OSPanel\domains\localhost\core\model\phpthumb\modphpthumb.class.php : 121) phpThumb was unable to generate a thumbnail for: D:\OSPanel\domains\localhost\core\cache\phpthumb\localhost__srcf356dcd8426dfc3f8f0e705e384d6141_par0ba78bb0326502335f8683fdf331013a_dat1521417170.jpeg
[2018-04-04 16:20:57] (ERROR @ D:\OSPanel\domains\localhost\core\model\phpthumb\modphpthumb.class.php : 133) Error outputting thumbnail:
OutputThumbnail() failed because !is_resource($this->gdimg_output) in file "phpthumb.class.php" on line 618
[2018-04-04 16:21:14] (ERROR @ D:\OSPanel\domains\localhost\core\model\phpthumb\modphpthumb.class.php : 121) phpThumb was unable to generate a thumbnail for: D:\OSPanel\domains\localhost\core\cache\phpthumb\localhost__src0c3510a500af6286de45e3767ca106fb_par0ba78bb0326502335f8683fdf331013a_dat1521585847.jpeg
[2018-04-04 16:21:14] (ERROR @ D:\OSPanel\domains\localhost\core\model\phpthumb\modphpthumb.class.php : 133) Error outputting thumbnail:
OutputThumbnail() failed because !is_resource($this->gdimg_output) in file "phpthumb.class.php" on line 618
[2018-04-04 16:21:24] (ERROR @ D:\OSPanel\domains\localhost\core\model\phpthumb\modphpthumb.class.php : 121) phpThumb was unable to generate a thumbnail for: D:\OSPanel\domains\localhost\core\cache\phpthumb\localhost__src94b22b148330afd10c8ca036e31e739c_par0ba78bb0326502335f8683fdf331013a_dat1521585847.jpeg
[2018-04-04 16:21:24] (ERROR @ D:\OSPanel\domains\localhost\core\model\phpthumb\modphpthumb.class.php : 133) Error outputting thumbnail:
OutputThumbnail() failed because !is_resource($this->gdimg_output) in file "phpthumb.class.php" on line 618
[2018-04-04 16:22:20] (ERROR @ D:\OSPanel\domains\localhost\core\model\modx\modcachemanager.class.php : 344) Error caching lexicon topic lexicon/ru/core/default
[2018-04-04 16:22:26] (ERROR @ D:\OSPanel\domains\localhost\core\model\modx\modcachemanager.class.php : 344) Error caching lexicon topic lexicon/ru/core/resource
[2018-04-04 16:37:14] (ERROR @ D:\OSPanel\domains\localhost\core\model\phpthumb\modphpthumb.class.php : 121) phpThumb was unable to generate a thumbnail for: D:\OSPanel\domains\localhost\core\cache\phpthumb\localhost__srcf356dcd8426dfc3f8f0e705e384d6141_par0ba78bb0326502335f8683fdf331013a_dat1521417170.jpeg
[2018-04-04 16:37:14] (ERROR @ D:\OSPanel\domains\localhost\core\model\phpthumb\modphpthumb.class.php : 133) Error outputting thumbnail:
OutputThumbnail() failed because !is_resource($this->gdimg_output) in file "phpthumb.class.php" on line 618
[2018-04-04 16:39:45] (ERROR @ D:\OSPanel\domains\localhost\core\model\modx\modcachemanager.class.php : 344) Error caching lexicon topic lexicon/ru/core/resource
[2018-04-04 16:41:54] (ERROR @ D:\OSPanel\domains\localhost\core\model\modx\modcachemanager.class.php : 344) Error caching lexicon topic lexicon/en/core/default
[2018-04-04 16:42:25] (ERROR @ D:\OSPanel\domains\localhost\core\model\phpthumb\modphpthumb.class.php : 121) phpThumb was unable to generate a thumbnail for: D:\OSPanel\domains\localhost\core\cache\phpthumb\localhost__src94b22b148330afd10c8ca036e31e739c_par0ba78bb0326502335f8683fdf331013a_dat1521585847.jpeg
[2018-04-04 16:42:25] (ERROR @ D:\OSPanel\domains\localhost\core\model\phpthumb\modphpthumb.class.php : 133) Error outputting thumbnail:
OutputThumbnail() failed because !is_resource($this->gdimg_output) in file "phpthumb.class.php" on line 618
[2018-04-04 16:42:41] (ERROR @ D:\OSPanel\domains\localhost\core\model\phpthumb\modphpthumb.class.php : 121) phpThumb was unable to generate a thumbnail for: D:\OSPanel\domains\localhost\core\cache\phpthumb\localhost__src94b22b148330afd10c8ca036e31e739c_par0ba78bb0326502335f8683fdf331013a_dat1521585847.jpeg
[2018-04-04 16:42:41] (ERROR @ D:\OSPanel\domains\localhost\core\model\phpthumb\modphpthumb.class.php : 133) Error outputting thumbnail:
OutputThumbnail() failed because !is_resource($this->gdimg_output) in file "phpthumb.class.php" on line 618
[2018-04-04 16:42:49] (ERROR @ D:\OSPanel\domains\localhost\core\model\phpthumb\modphpthumb.class.php : 121) phpThumb was unable to generate a thumbnail for: D:\OSPanel\domains\localhost\core\cache\phpthumb\localhost__srcf85bf5b9c33b860da191e6d4a4bb1b99_par0ba78bb0326502335f8683fdf331013a_dat1521585847.jpeg
[2018-04-04 16:42:49] (ERROR @ D:\OSPanel\domains\localhost\core\model\phpthumb\modphpthumb.class.php : 133) Error outputting thumbnail:
OutputThumbnail() failed because !is_resource($this->gdimg_output) in file "phpthumb.class.php" on line 618
[2018-04-04 16:42:57] (ERROR @ D:\OSPanel\domains\localhost\core\model\phpthumb\modphpthumb.class.php : 121) phpThumb was unable to generate a thumbnail for: D:\OSPanel\domains\localhost\core\cache\phpthumb\localhost__srcf85bf5b9c33b860da191e6d4a4bb1b99_par0ba78bb0326502335f8683fdf331013a_dat1521585847.jpeg
[2018-04-04 16:42:57] (ERROR @ D:\OSPanel\domains\localhost\core\model\phpthumb\modphpthumb.class.php : 133) Error outputting thumbnail:
OutputThumbnail() failed because !is_resource($this->gdimg_output) in file "phpthumb.class.php" on line 618
[2018-04-04 16:43:36] (ERROR @ D:\OSPanel\domains\localhost\core\model\phpthumb\modphpthumb.class.php : 121) phpThumb was unable to generate a thumbnail for: D:\OSPanel\domains\localhost\core\cache\phpthumb\localhost__src0c3510a500af6286de45e3767ca106fb_par0ba78bb0326502335f8683fdf331013a_dat1521585847.jpeg
[2018-04-04 16:43:36] (ERROR @ D:\OSPanel\domains\localhost\core\model\phpthumb\modphpthumb.class.php : 133) Error outputting thumbnail:
OutputThumbnail() failed because !is_resource($this->gdimg_output) in file "phpthumb.class.php" on line 618
[2018-04-04 16:43:36] (ERROR @ D:\OSPanel\domains\localhost\core\model\phpthumb\modphpthumb.class.php : 121) phpThumb was unable to generate a thumbnail for: D:\OSPanel\domains\localhost\core\cache\phpthumb\localhost__src0c3510a500af6286de45e3767ca106fb_par0ba78bb0326502335f8683fdf331013a_dat1521585847.jpeg
[2018-04-04 16:43:36] (ERROR @ D:\OSPanel\domains\localhost\core\model\phpthumb\modphpthumb.class.php : 133) Error outputting thumbnail:
OutputThumbnail() failed because !is_resource($this->gdimg_output) in file "phpthumb.class.php" on line 618
[2018-04-04 16:43:49] (ERROR @ D:\OSPanel\domains\localhost\core\model\phpthumb\modphpthumb.class.php : 121) phpThumb was unable to generate a thumbnail for: D:\OSPanel\domains\localhost\core\cache\phpthumb\localhost__src0c3510a500af6286de45e3767ca106fb_par0ba78bb0326502335f8683fdf331013a_dat1521585847.jpeg
[2018-04-04 16:43:49] (ERROR @ D:\OSPanel\domains\localhost\core\model\phpthumb\modphpthumb.class.php : 133) Error outputting thumbnail:
OutputThumbnail() failed because !is_resource($this->gdimg_output) in file "phpthumb.class.php" on line 618
[2018-04-04 16:44:45] (ERROR @ D:\OSPanel\domains\localhost\core\model\modx\modcachemanager.class.php : 344) Error caching lexicon topic lexicon/ru/core/default
[2018-04-04 16:48:09] (ERROR @ D:\OSPanel\domains\localhost\core\model\modx\modcachemanager.class.php : 344) Error caching lexicon topic lexicon/ru/core/default
[2018-04-04 17:03:57] (ERROR @ D:\OSPanel\domains\localhost\core\xpdo\cache\xpdocachemanager.class.php : 514) PHP warning: unlink(D:/OSPanel/domains/localhost/core/cache/resource/web/resources/1.cache.php): Permission denied
[2018-04-04 17:03:57] (ERROR @ D:\OSPanel\domains\localhost\core\xpdo\cache\xpdocachemanager.class.php : 522) PHP warning: closedir(): supplied resource is not a valid Directory resource
[2018-04-04 17:11:46] (ERROR @ D:\OSPanel\domains\localhost\core\model\phpthumb\modphpthumb.class.php : 121) phpThumb was unable to generate a thumbnail for: D:\OSPanel\domains\localhost\core\cache\phpthumb\localhost__src94b22b148330afd10c8ca036e31e739c_par0ba78bb0326502335f8683fdf331013a_dat1521585847.jpeg
[2018-04-04 17:11:46] (ERROR @ D:\OSPanel\domains\localhost\core\model\phpthumb\modphpthumb.class.php : 133) Error outputting thumbnail:
OutputThumbnail() failed because !is_resource($this->gdimg_output) in file "phpthumb.class.php" on line 618
[2018-04-04 17:13:46] (ERROR @ D:\OSPanel\domains\localhost\core\model\modx\modcachemanager.class.php : 344) Error caching lexicon topic lexicon/ru/core/default
[2018-04-04 17:14:47] (ERROR @ D:\OSPanel\domains\localhost\core\model\modx\modcachemanager.class.php : 344) Error caching lexicon topic lexicon/en/core/default
[2018-04-04 17:14:47] (ERROR @ D:\OSPanel\domains\localhost\core\model\modx\modcachemanager.class.php : 394) Error caching action map mgr/actions
[2018-04-04 17:17:54] (ERROR @ D:\OSPanel\domains\localhost\core\model\modx\modcachemanager.class.php : 344) Error caching lexicon topic lexicon/en/core/default
[2018-04-04 17:17:54] (ERROR @ D:\OSPanel\domains\localhost\core\model\modx\modcachemanager.class.php : 344) Error caching lexicon topic lexicon/ru/core/element
[2018-04-04 17:18:14] (ERROR @ D:\OSPanel\domains\localhost\core\model\modx\modcachemanager.class.php : 509) Error caching script elements/modplugin/5
[2018-04-04 17:18:25] (ERROR @ D:\OSPanel\domains\localhost\core\model\modx\modcachemanager.class.php : 344) Error caching lexicon topic lexicon/ru/core/default
[2018-04-04 17:19:46] (ERROR @ D:\OSPanel\domains\localhost\core\model\modx\modcachemanager.class.php : 344) Error caching lexicon topic lexicon/ru/core/default
[2018-04-04 17:19:49] (ERROR @ D:\OSPanel\domains\localhost\core\model\modx\modcachemanager.class.php : 509) Error caching script elements/modplugin/5
[2018-04-04 17:20:07] (ERROR @ D:\OSPanel\domains\localhost\core\model\modx\modcachemanager.class.php : 344) Error caching lexicon topic lexicon/en/core/default
[2018-04-04 17:39:37] (ERROR @ D:\OSPanel\domains\localhost\core\xpdo\om\xpdoobject.class.php : 344) Instantiated a derived class CollectionContainer that is not a subclass of the requested class modDocument
[2018-04-04 17:39:56] (ERROR @ D:\OSPanel\domains\localhost\core\xpdo\om\xpdoobject.class.php : 344) Instantiated a derived class CollectionContainer that is not a subclass of the requested class modDocument
[2018-04-04 17:44:48] (ERROR @ D:\OSPanel\domains\localhost\core\xpdo\om\xpdoobject.class.php : 344) Instantiated a derived class CollectionContainer that is not a subclass of the requested class modDocument
[2018-04-04 17:50:46] (ERROR @ D:\OSPanel\domains\localhost\core\model\modx\modcachemanager.class.php : 344) Error caching lexicon topic lexicon/ru/core/default
[2018-04-04 17:54:29] (ERROR @ D:\OSPanel\domains\localhost\core\model\modx\modcachemanager.class.php : 344) Error caching lexicon topic lexicon/ru/core/default
[2018-04-04 17:57:49] (ERROR @ D:\OSPanel\domains\localhost\core\model\modx\modcachemanager.class.php : 344) Error caching lexicon topic lexicon/ru/core/default
[2018-04-04 18:02:05] (ERROR @ D:\OSPanel\domains\localhost\core\model\modx\modcachemanager.class.php : 344) Error caching lexicon topic lexicon/ru/core/default
[2018-04-04 18:03:33] (ERROR @ D:\OSPanel\domains\localhost\core\model\modx\modcachemanager.class.php : 344) Error caching lexicon topic lexicon/en/core/default
[2018-04-04 18:07:09] (ERROR @ D:\OSPanel\domains\localhost\core\model\modx\modcachemanager.class.php : 344) Error caching lexicon topic lexicon/ru/core/default
[2018-04-04 18:08:50] (ERROR @ D:\OSPanel\domains\localhost\core\model\modx\modcachemanager.class.php : 344) Error caching lexicon topic lexicon/ru/core/default
[2018-04-04 18:10:09] (ERROR @ D:\OSPanel\domains\localhost\core\xpdo\om\xpdoobject.class.php : 240) Error 42S22 executing statement: 
Array
(
    [0] => 42S22
    [1] => 1054
    [2] => Unknown column 'date' in 'order clause'
)

[2018-04-04 18:10:26] (ERROR @ D:\OSPanel\domains\localhost\core\xpdo\om\xpdoobject.class.php : 240) Error 42S22 executing statement: 
Array
(
    [0] => 42S22
    [1] => 1054
    [2] => Unknown column 'date' in 'order clause'
)

[2018-04-04 18:10:28] (ERROR @ D:\OSPanel\domains\localhost\core\xpdo\om\xpdoobject.class.php : 240) Error 42S22 executing statement: 
Array
(
    [0] => 42S22
    [1] => 1054
    [2] => Unknown column 'date' in 'order clause'
)

[2018-04-04 18:10:36] (ERROR @ D:\OSPanel\domains\localhost\core\xpdo\om\xpdoobject.class.php : 240) Error 42S22 executing statement: 
Array
(
    [0] => 42S22
    [1] => 1054
    [2] => Unknown column 'date' in 'order clause'
)

[2018-04-04 18:10:42] (ERROR @ D:\OSPanel\domains\localhost\core\model\modx\modcachemanager.class.php : 344) Error caching lexicon topic lexicon/ru/core/default
[2018-04-04 18:10:43] (ERROR @ D:\OSPanel\domains\localhost\core\xpdo\om\xpdoobject.class.php : 240) Error 42S22 executing statement: 
Array
(
    [0] => 42S22
    [1] => 1054
    [2] => Unknown column 'date' in 'order clause'
)

[2018-04-04 18:10:51] (ERROR @ D:\OSPanel\domains\localhost\core\model\modx\modcachemanager.class.php : 344) Error caching lexicon topic lexicon/en/core/default
[2018-04-04 18:10:52] (ERROR @ D:\OSPanel\domains\localhost\core\xpdo\om\xpdoobject.class.php : 240) Error 42S22 executing statement: 
Array
(
    [0] => 42S22
    [1] => 1054
    [2] => Unknown column 'date' in 'order clause'
)

[2018-04-04 18:11:10] (ERROR @ D:\OSPanel\domains\localhost\core\model\phpthumb\modphpthumb.class.php : 121) phpThumb was unable to generate a thumbnail for: D:\OSPanel\domains\localhost\core\cache\phpthumb\localhost__src0c3510a500af6286de45e3767ca106fb_par0ba78bb0326502335f8683fdf331013a_dat1521585847.jpeg
[2018-04-04 18:11:10] (ERROR @ D:\OSPanel\domains\localhost\core\model\phpthumb\modphpthumb.class.php : 133) Error outputting thumbnail:
OutputThumbnail() failed because !is_resource($this->gdimg_output) in file "phpthumb.class.php" on line 618
[2018-04-04 18:11:28] (ERROR @ D:\OSPanel\domains\localhost\core\xpdo\om\xpdoobject.class.php : 240) Error 42S22 executing statement: 
Array
(
    [0] => 42S22
    [1] => 1054
    [2] => Unknown column 'date' in 'order clause'
)

[2018-04-04 18:11:52] (ERROR @ D:\OSPanel\domains\localhost\core\model\modx\modcachemanager.class.php : 344) Error caching lexicon topic lexicon/ru/core/default
[2018-04-04 18:11:53] (ERROR @ D:\OSPanel\domains\localhost\core\xpdo\om\xpdoobject.class.php : 240) Error 42S22 executing statement: 
Array
(
    [0] => 42S22
    [1] => 1054
    [2] => Unknown column 'date' in 'order clause'
)

[2018-04-04 18:12:00] (ERROR @ D:\OSPanel\domains\localhost\core\model\modx\modcachemanager.class.php : 344) Error caching lexicon topic lexicon/ru/core/default
[2018-04-04 18:12:01] (ERROR @ D:\OSPanel\domains\localhost\core\xpdo\om\xpdoobject.class.php : 240) Error 42S22 executing statement: 
Array
(
    [0] => 42S22
    [1] => 1054
    [2] => Unknown column 'date' in 'order clause'
)

[2018-04-04 18:13:15] (ERROR @ D:\OSPanel\domains\localhost\core\model\modx\modcachemanager.class.php : 344) Error caching lexicon topic lexicon/ru/core/default
[2018-04-04 18:16:39] (ERROR @ D:\OSPanel\domains\localhost\core\model\modx\modcachemanager.class.php : 344) Error caching lexicon topic lexicon/ru/core/default
[2018-04-04 18:17:37] (ERROR @ D:\OSPanel\domains\localhost\core\model\modx\modcachemanager.class.php : 344) Error caching lexicon topic lexicon/en/core/default
[2018-04-04 18:20:36] (ERROR @ D:\OSPanel\domains\localhost\core\model\modx\modcachemanager.class.php : 344) Error caching lexicon topic lexicon/ru/core/default
[2018-04-04 18:20:45] (ERROR @ D:\OSPanel\domains\localhost\core\model\modx\modcachemanager.class.php : 344) Error caching lexicon topic lexicon/en/core/default
[2018-04-04 18:21:00] (ERROR @ D:\OSPanel\domains\localhost\core\model\modx\modcachemanager.class.php : 344) Error caching lexicon topic lexicon/en/core/default
[2018-04-04 18:21:31] (ERROR @ D:\OSPanel\domains\localhost\core\model\modx\modcachemanager.class.php : 509) Error caching script elements/modplugin/5
[2018-04-04 18:21:31] (ERROR @ D:\OSPanel\domains\localhost\core\model\modx\modcachemanager.class.php : 344) Error caching lexicon topic lexicon/ru/core/default
[2018-04-04 18:22:35] (ERROR @ D:\OSPanel\domains\localhost\core\model\modx\modcachemanager.class.php : 344) Error caching lexicon topic lexicon/en/core/default
[2018-04-04 18:26:24] (ERROR @ D:\OSPanel\domains\localhost\core\model\modx\modcachemanager.class.php : 344) Error caching lexicon topic lexicon/en/core/default
[2018-04-04 18:27:21] (ERROR @ D:\OSPanel\domains\localhost\core\model\modx\modcachemanager.class.php : 344) Error caching lexicon topic lexicon/en/core/default
[2018-04-04 18:27:53] (ERROR @ D:\OSPanel\domains\localhost\core\model\modx\modcachemanager.class.php : 344) Error caching lexicon topic lexicon/ru/core/default
[2018-04-04 18:29:14] (ERROR @ D:\OSPanel\domains\localhost\core\model\modx\modcachemanager.class.php : 344) Error caching lexicon topic lexicon/en/core/default
[2018-04-04 18:32:48] (ERROR @ D:\OSPanel\domains\localhost\core\model\modx\modparser.class.php : 538) Could not find snippet with name id33.
[2018-04-04 18:32:48] (ERROR @ D:\OSPanel\domains\localhost\core\model\modx\modparser.class.php : 538) Could not find snippet with name id33.
[2018-04-04 18:32:48] (ERROR @ D:\OSPanel\domains\localhost\core\model\modx\modparser.class.php : 538) Could not find snippet with name id33.
[2018-04-04 18:32:48] (ERROR @ D:\OSPanel\domains\localhost\core\model\modx\modparser.class.php : 538) Could not find snippet with name id33.
[2018-04-04 18:32:48] (ERROR @ D:\OSPanel\domains\localhost\core\model\modx\modparser.class.php : 538) Could not find snippet with name id33.
[2018-04-04 18:33:50] (ERROR @ D:\OSPanel\domains\localhost\core\model\modx\modcachemanager.class.php : 344) Error caching lexicon topic lexicon/en/core/default
[2018-04-04 18:33:52] (ERROR @ D:\OSPanel\domains\localhost\core\model\modx\modx.class.php : 990) `[[+id]]` is not a valid integer and may not be passed to makeUrl()
[2018-04-04 18:33:52] (ERROR in resource 1 @ D:\OSPanel\domains\localhost\core\model\modx\modparser.class.php : 1370) Bad link tag `[[~[[+id]]]]` encountered
[2018-04-04 18:34:02] (ERROR @ D:\OSPanel\domains\localhost\core\model\modx\modcachemanager.class.php : 344) Error caching lexicon topic lexicon/en/core/default
[2018-04-04 18:34:02] (ERROR @ D:\OSPanel\domains\localhost\core\model\modx\modx.class.php : 990) `[[+id33]]` is not a valid integer and may not be passed to makeUrl()
[2018-04-04 18:34:02] (ERROR in resource 1 @ D:\OSPanel\domains\localhost\core\model\modx\modparser.class.php : 1370) Bad link tag `[[~[[+id33]]]]` encountered
[2018-04-04 18:34:44] (ERROR @ D:\OSPanel\domains\localhost\core\model\modx\modparser.class.php : 538) Could not find snippet with name 33.
[2018-04-04 18:34:44] (ERROR @ D:\OSPanel\domains\localhost\core\model\modx\modparser.class.php : 538) Could not find snippet with name 33.
[2018-04-04 18:34:44] (ERROR @ D:\OSPanel\domains\localhost\core\model\modx\modparser.class.php : 538) Could not find snippet with name 33.
[2018-04-04 18:34:44] (ERROR @ D:\OSPanel\domains\localhost\core\model\modx\modx.class.php : 990) `[[33]]` is not a valid integer and may not be passed to makeUrl()
[2018-04-04 18:34:44] (ERROR in resource 1 @ D:\OSPanel\domains\localhost\core\model\modx\modparser.class.php : 1370) Bad link tag `[[~[[33]]]]` encountered
[2018-04-04 18:43:13] (ERROR @ D:\OSPanel\domains\localhost\core\model\modx\modcachemanager.class.php : 344) Error caching lexicon topic lexicon/en/core/default
[2018-04-04 18:43:28] (ERROR @ D:\OSPanel\domains\localhost\core\model\modx\modcachemanager.class.php : 344) Error caching lexicon topic lexicon/en/core/default
[2018-04-04 18:44:34] (ERROR @ D:\OSPanel\domains\localhost\core\model\modx\modcachemanager.class.php : 344) Error caching lexicon topic lexicon/ru/core/default
[2018-04-04 18:45:13] (ERROR @ D:\OSPanel\domains\localhost\core\model\modx\modcachemanager.class.php : 344) Error caching lexicon topic lexicon/ru/core/default
[2018-04-04 22:37:12] (ERROR @ D:\OSPanel\domains\localhost\core\model\modx\modcachemanager.class.php : 344) Error caching lexicon topic lexicon/en/core/default
[2018-04-04 22:37:46] (ERROR @ D:\OSPanel\domains\localhost\core\model\modx\modcachemanager.class.php : 344) Error caching lexicon topic lexicon/en/core/default
[2018-04-04 22:38:09] (ERROR @ D:\OSPanel\domains\localhost\core\model\modx\modcachemanager.class.php : 344) Error caching lexicon topic lexicon/ru/core/default
[2018-04-04 22:43:56] (ERROR @ D:\OSPanel\domains\localhost\core\model\modx\modcachemanager.class.php : 344) Error caching lexicon topic lexicon/ru/core/default
[2018-04-04 22:49:13] (ERROR @ D:\OSPanel\domains\localhost\core\model\modx\modcachemanager.class.php : 344) Error caching lexicon topic lexicon/ru/core/default
[2018-04-04 22:52:57] (ERROR @ D:\OSPanel\domains\localhost\core\model\modx\modcachemanager.class.php : 344) Error caching lexicon topic lexicon/en/core/default
[2018-04-04 22:53:23] (ERROR @ D:\OSPanel\domains\localhost\core\model\modx\modcachemanager.class.php : 344) Error caching lexicon topic lexicon/en/core/default
[2018-04-04 22:54:20] (ERROR @ D:\OSPanel\domains\localhost\core\model\modx\modcachemanager.class.php : 394) Error caching action map mgr/actions
[2018-04-04 22:54:20] (ERROR @ D:\OSPanel\domains\localhost\core\model\modx\modcachemanager.class.php : 344) Error caching lexicon topic lexicon/ru/core/category
[2018-04-04 22:54:56] (ERROR @ D:\OSPanel\domains\localhost\core\model\modx\modcachemanager.class.php : 344) Error caching lexicon topic lexicon/en/core/default
[2018-04-04 22:55:19] (ERROR @ D:\OSPanel\domains\localhost\core\model\modx\modcachemanager.class.php : 344) Error caching lexicon topic lexicon/ru/core/default
[2018-04-04 22:57:11] (ERROR @ D:\OSPanel\domains\localhost\core\model\modx\modcachemanager.class.php : 344) Error caching lexicon topic lexicon/en/core/default
[2018-04-04 22:58:10] (ERROR @ D:\OSPanel\domains\localhost\core\model\modx\modcachemanager.class.php : 344) Error caching lexicon topic lexicon/ru/core/default
[2018-04-04 22:58:28] (ERROR @ D:\OSPanel\domains\localhost\core\model\modx\modcachemanager.class.php : 344) Error caching lexicon topic lexicon/ru/core/default
[2018-04-04 22:58:33] (ERROR @ D:\OSPanel\domains\localhost\core\model\modx\modcachemanager.class.php : 394) Error caching action map mgr/actions
[2018-04-04 22:58:37] (ERROR @ D:\OSPanel\domains\localhost\core\model\modx\modcachemanager.class.php : 344) Error caching lexicon topic lexicon/ru/core/default
[2018-04-04 22:59:40] (ERROR @ D:\OSPanel\domains\localhost\core\model\modx\modcachemanager.class.php : 344) Error caching lexicon topic lexicon/en/core/default
[2018-04-04 23:07:48] (ERROR @ D:\OSPanel\domains\localhost\core\model\modx\modcachemanager.class.php : 509) Error caching script elements/modplugin/5
[2018-04-04 23:09:53] (ERROR @ D:\OSPanel\domains\localhost\core\model\modx\modcachemanager.class.php : 394) Error caching action map mgr/actions
[2018-04-04 23:10:18] (ERROR @ D:\OSPanel\domains\localhost\core\model\modx\modcachemanager.class.php : 344) Error caching lexicon topic lexicon/ru/core/default
[2018-04-04 23:37:06] (ERROR @ D:\OSPanel\domains\localhost\core\model\modx\modcachemanager.class.php : 344) Error caching lexicon topic lexicon/ru/core/default
[2018-04-04 23:46:45] (ERROR @ D:\OSPanel\domains\localhost\core\model\modx\modcachemanager.class.php : 344) Error caching lexicon topic lexicon/en/core/default
[2018-04-04 23:50:21] (ERROR @ D:\OSPanel\domains\localhost\core\model\modx\modcachemanager.class.php : 509) Error caching script elements/modplugin/5
[2018-04-04 23:53:50] (ERROR @ D:\OSPanel\domains\localhost\core\model\modx\modcachemanager.class.php : 344) Error caching lexicon topic lexicon/en/core/default
[2018-04-04 23:57:00] (ERROR @ D:\OSPanel\domains\localhost\core\model\modx\modcachemanager.class.php : 344) Error caching lexicon topic lexicon/ru/core/default
[2018-04-04 23:57:40] (ERROR @ D:\OSPanel\domains\localhost\core\model\modx\modcachemanager.class.php : 344) Error caching lexicon topic lexicon/ru/core/default
[2018-04-04 23:58:08] (ERROR @ D:\OSPanel\domains\localhost\core\model\modx\modcachemanager.class.php : 344) Error caching lexicon topic lexicon/ru/core/default
[2018-04-05 00:01:00] (ERROR @ D:\OSPanel\domains\localhost\core\model\modx\modcachemanager.class.php : 344) Error caching lexicon topic lexicon/ru/core/default
[2018-04-05 00:01:21] (ERROR @ D:\OSPanel\domains\localhost\core\model\modx\modcachemanager.class.php : 344) Error caching lexicon topic lexicon/en/core/default
[2018-04-05 00:01:26] (ERROR @ D:\OSPanel\domains\localhost\core\model\modx\modcachemanager.class.php : 344) Error caching lexicon topic lexicon/en/core/default
[2018-04-05 00:02:13] (ERROR @ D:\OSPanel\domains\localhost\core\model\modx\modcachemanager.class.php : 344) Error caching lexicon topic lexicon/ru/core/default
[2018-04-05 00:09:36] (ERROR @ D:\OSPanel\domains\localhost\core\model\modx\modcachemanager.class.php : 344) Error caching lexicon topic lexicon/en/core/default
[2018-04-05 00:15:27] (ERROR @ D:\OSPanel\domains\localhost\core\model\modx\modcachemanager.class.php : 344) Error caching lexicon topic lexicon/en/core/default
[2018-04-05 00:15:55] (ERROR @ D:\OSPanel\domains\localhost\core\model\modx\modcachemanager.class.php : 394) Error caching action map mgr/actions
[2018-04-05 00:16:50] (ERROR @ D:\OSPanel\domains\localhost\core\model\modx\modcachemanager.class.php : 344) Error caching lexicon topic lexicon/en/core/default
[2018-04-05 00:22:19] (ERROR @ D:\OSPanel\domains\localhost\core\model\modx\modcachemanager.class.php : 344) Error caching lexicon topic lexicon/en/core/default
[2018-04-05 00:23:09] (ERROR @ D:\OSPanel\domains\localhost\core\model\modx\modcachemanager.class.php : 344) Error caching lexicon topic lexicon/en/core/default
[2018-04-05 00:23:10] (ERROR @ D:\OSPanel\domains\localhost\core\model\modx\modparser.class.php : 538) Could not find snippet with name <div style="background-image:url([[+tv.slider_image]])" class="carousel-item active">
            	<div class="message container">
            		<h1 class="col-12">[[+tv.slider_title]]</h1>
            		<p class="col-10 col-sm-9 col-md-7 col-lg-5">[[+tv.slider_description]]</p>
            	</div>
            </div>.
[2018-04-05 00:24:13] (ERROR @ D:\OSPanel\domains\localhost\core\model\modx\modcachemanager.class.php : 344) Error caching lexicon topic lexicon/en/core/default
[2018-04-05 00:24:23] (ERROR @ D:\OSPanel\domains\localhost\core\model\modx\modcachemanager.class.php : 344) Error caching lexicon topic lexicon/en/core/default
[2018-04-05 00:24:23] (ERROR @ D:\OSPanel\domains\localhost\core\model\modx\modcachemanager.class.php : 344) Error caching lexicon topic lexicon/ru/core/element
[2018-04-05 00:28:28] (ERROR @ D:\OSPanel\domains\localhost\core\model\modx\modcachemanager.class.php : 344) Error caching lexicon topic lexicon/ru/core/default
[2018-04-05 00:31:28] (ERROR @ D:\OSPanel\domains\localhost\core\model\modx\modcachemanager.class.php : 344) Error caching lexicon topic lexicon/ru/core/default
[2018-04-05 00:32:09] (ERROR @ D:\OSPanel\domains\localhost\core\model\modx\modcachemanager.class.php : 344) Error caching lexicon topic lexicon/en/core/default
[2018-04-05 00:32:57] (ERROR @ D:\OSPanel\domains\localhost\core\model\modx\modcachemanager.class.php : 344) Error caching lexicon topic lexicon/en/core/default
[2018-04-05 00:33:34] (ERROR @ D:\OSPanel\domains\localhost\core\model\modx\modcachemanager.class.php : 344) Error caching lexicon topic lexicon/en/core/default
[2018-04-05 00:33:57] (ERROR @ D:\OSPanel\domains\localhost\core\model\modx\modcachemanager.class.php : 344) Error caching lexicon topic lexicon/ru/core/element
[2018-04-05 00:33:58] (ERROR @ D:\OSPanel\domains\localhost\core\model\modx\modcachemanager.class.php : 344) Error caching lexicon topic lexicon/ru/core/default
[2018-04-05 00:35:48] (ERROR @ D:\OSPanel\domains\localhost\core\model\modx\modcachemanager.class.php : 344) Error caching lexicon topic lexicon/en/core/default
[2018-04-05 00:36:17] (ERROR @ D:\OSPanel\domains\localhost\core\model\modx\modcachemanager.class.php : 344) Error caching lexicon topic lexicon/ru/core/default
[2018-04-05 00:36:27] (ERROR @ D:\OSPanel\domains\localhost\core\model\modx\modcachemanager.class.php : 344) Error caching lexicon topic lexicon/ru/core/default
[2018-04-05 00:47:07] (ERROR @ D:\OSPanel\domains\localhost\core\model\modx\modcachemanager.class.php : 344) Error caching lexicon topic lexicon/ru/core/default
[2018-04-05 00:48:41] (ERROR @ D:\OSPanel\domains\localhost\core\model\modx\modcachemanager.class.php : 344) Error caching lexicon topic lexicon/ru/core/default
